
> molaroid@0.1.0 start
> next start -p 80

Error: listen EADDRINUSE: address already in use 0.0.0.0:80
    at Server.setupListenHandle [as _listen2] (node:net:1463:16)
    at listenInCluster (node:net:1511:12)
    at doListen (node:net:1660:7)
    at processTicksAndRejections (node:internal/process/task_queues:84:21) {
  code: 'EADDRINUSE',
  errno: -98,
  syscall: 'listen',
  address: '0.0.0.0',
  port: 80
}

> molaroid@0.1.0 start
> next start -p 80

ready - started server on 0.0.0.0:80, url: http://localhost:80
stderr: fluidsynth: warning: No preset found on channel 9 [bank=128 prog=0]

stderr: fluidsynth: warning: No preset found on channel 9 [bank=128 prog=0]

stderr: fluidsynth: warning: No preset found on channel 9 [bank=128 prog=0]

node:internal/fs/utils:347
    throw err;
    ^

Error: ENOENT: no such file or directory, open '/home/opc/moraloid/posts/2/output.mp3'
    at Object.openSync (node:fs:590:3)
    at Object.readFileSync (node:fs:458:35)
    at ChildProcess.<anonymous> (/home/opc/molaroid/.next/server/pages/api/image/generate.js:92:49)
    at ChildProcess.emit (node:events:513:28)
    at Process.ChildProcess._handle.onexit (node:internal/child_process:293:12) {
  errno: -2,
  syscall: 'open',
  code: 'ENOENT',
  path: '/home/opc/moraloid/posts/2/output.mp3'
}

> molaroid@0.1.0 start
> next start -p 80 $

error - Invalid project directory provided, no such directory: /home/opc/molaroid/$

> molaroid@0.1.0 start
> next start -p 80

ready - started server on 0.0.0.0:80, url: http://localhost:80
